<?xml version="1.0" encoding="UTF-8"?>
<testsuite name="com.bank.banking.application.usecase.PayCreditCardValidationTest" tests="10" skipped="0" failures="0" errors="0" timestamp="2026-06-02T06:17:38" hostname="MacBook-Pro-de-Ricardo.local" time="0.019">
  <properties/>
  <testcase name="cardholdersMatch normalizes whitespace and matches case-insensitively()" classname="com.bank.banking.application.usecase.PayCreditCardValidationTest" time="0.003"/>
  <testcase name="verifyExpiryMatchesCard does not throw when expiry matches()" classname="com.bank.banking.application.usecase.PayCreditCardValidationTest" time="0.001"/>
  <testcase name="verifyExpiryMatchesCard throws on expiry mismatch()" classname="com.bank.banking.application.usecase.PayCreditCardValidationTest" time="0.001"/>
  <testcase name="STATEMENT_MONTH resolves to min(statementBalanceDue, debt)()" classname="com.bank.banking.application.usecase.PayCreditCardValidationTest" time="0.002"/>
  <testcase name="MINIMUM resolves to min(minimumPaymentDue, debt)()" classname="com.bank.banking.application.usecase.PayCreditCardValidationTest" time="0.001"/>
  <testcase name="CUSTOM resolves within bounds()" classname="com.bank.banking.application.usecase.PayCreditCardValidationTest" time="0.001"/>
  <testcase name="MINIMUM throws when minimumPaymentDue is zero()" classname="com.bank.banking.application.usecase.PayCreditCardValidationTest" time="0.001"/>
  <testcase name="CUSTOM throws when customAmount is missing()" classname="com.bank.banking.application.usecase.PayCreditCardValidationTest" time="0.001"/>
  <testcase name="FULL_DEBT throws when card has no debt()" classname="com.bank.banking.application.usecase.PayCreditCardValidationTest" time="0.001"/>
  <testcase name="CUSTOM throws when customAmount is greater than debt()" classname="com.bank.banking.application.usecase.PayCreditCardValidationTest" time="0.001"/>
  <system-out><![CDATA[]]></system-out>
  <system-err><![CDATA[]]></system-err>
</testsuite>
