<?xml version="1.0" encoding="UTF-8"?>
<testsuite name="com.bank.banking.application.BackendRouteResolverTest" tests="6" skipped="0" failures="0" errors="0" timestamp="2026-06-02T06:17:37" hostname="MacBook-Pro-de-Ricardo.local" time="0.053">
  <properties/>
  <testcase name="AMBIGUOUS maps to empty hints()" classname="com.bank.banking.application.BackendRouteResolverTest" time="0.028"/>
  <testcase name="TRANSFER_THIRD_PARTY maps to not implemented endpoint()" classname="com.bank.banking.application.BackendRouteResolverTest" time="0.004"/>
  <testcase name="OUT_OF_SCOPE maps to empty hints()" classname="com.bank.banking.application.BackendRouteResolverTest" time="0.001"/>
  <testcase name="PAY_CREDIT_CARD maps to list cards and pay endpoint()" classname="com.bank.banking.application.BackendRouteResolverTest" time="0.011"/>
  <testcase name="CHECK_BALANCE maps to GET v1 me balance endpoint()" classname="com.bank.banking.application.BackendRouteResolverTest" time="0.001"/>
  <testcase name="TRANSFER_OWN_ACCOUNTS maps to not implemented endpoint()" classname="com.bank.banking.application.BackendRouteResolverTest" time="0.001"/>
  <system-out><![CDATA[]]></system-out>
  <system-err><![CDATA[]]></system-err>
</testsuite>
