<?xml version="1.0" encoding="UTF-8"?>
<testsuite name="com.bank.banking.application.sdui.PayCreditCardUiBuilderTest" tests="2" skipped="0" failures="0" errors="0" timestamp="2026-06-02T06:17:38" hostname="MacBook-Pro-de-Ricardo.local" time="0.016">
  <properties/>
  <testcase name="non-empty cards returns pay panel nodes with card props()" classname="com.bank.banking.application.sdui.PayCreditCardUiBuilderTest" time="0.013"/>
  <testcase name="empty cards returns assistant message()" classname="com.bank.banking.application.sdui.PayCreditCardUiBuilderTest" time="0.002"/>
  <system-out><![CDATA[]]></system-out>
  <system-err><![CDATA[]]></system-err>
</testsuite>
