<?xml version="1.0" encoding="UTF-8"?>
<testsuite name="com.bank.banking.application.usecase.RouteChatMessageUseCaseTest" tests="2" skipped="0" failures="0" errors="0" timestamp="2026-06-02T06:17:38" hostname="MacBook-Pro-de-Ricardo.local" time="0.008">
  <properties/>
  <testcase name="blank message throws()" classname="com.bank.banking.application.usecase.RouteChatMessageUseCaseTest" time="0.005"/>
  <testcase name="check balance intent maps to GET balance()" classname="com.bank.banking.application.usecase.RouteChatMessageUseCaseTest" time="0.003"/>
  <system-out><![CDATA[]]></system-out>
  <system-err><![CDATA[]]></system-err>
</testsuite>
