<?xml version="1.0" encoding="UTF-8"?>
<testsuite name="com.bank.mobile.presentation.sdui.SduiNodeMapperTest" tests="6" skipped="0" failures="0" errors="0" timestamp="2026-06-02T06:34:16" hostname="MacBook-Pro-de-Ricardo.local" time="0.05">
  <properties/>
  <testcase name="flattensNonColumnNodesAsSingleNode" classname="com.bank.mobile.presentation.sdui.SduiNodeMapperTest" time="0.033"/>
  <testcase name="returnsNullWhenExpiryMonthIsInvalid" classname="com.bank.mobile.presentation.sdui.SduiNodeMapperTest" time="0.006"/>
  <testcase name="propTextMissingReturnsEmptyString" classname="com.bank.mobile.presentation.sdui.SduiNodeMapperTest" time="0.0"/>
  <testcase name="flattensColumnChildren" classname="com.bank.mobile.presentation.sdui.SduiNodeMapperTest" time="0.009"/>
  <testcase name="returnsNullWhenNodeIsNotPayCardPanel" classname="com.bank.mobile.presentation.sdui.SduiNodeMapperTest" time="0.0"/>
  <testcase name="mapsPayCardPanelPropsToAction" classname="com.bank.mobile.presentation.sdui.SduiNodeMapperTest" time="0.002"/>
  <system-out><![CDATA[]]></system-out>
  <system-err><![CDATA[]]></system-err>
</testsuite>
